<?xml version="1.0" encoding="UTF-8"?>
<!-- Generated by org.testng.reporters.JUnitXMLReporter -->
<testsuite hostname="LS-101140" ignored="0" tests="5" failures="1" timestamp="16 一月 2020 09:42:03 GMT" time="0.032" errors="0">
  <testcase name="test01" time="0.005" classname="ReRunFailDemo"/>
  <testcase name="test03" time="0.001" classname="ReRunFailDemo">
    <failure type="java.lang.AssertionError" message="expected [true] but found [false]">
      <![CDATA[java.lang.AssertionError: expected [true] but found [false]
at ReRunFailDemo.test03(ReRunFailDemo.java:15)
at RunTestNG.main(RunTestNG.java:12)
... Removed 26 stack frames]]>
    </failure>
  </testcase> <!-- test03 -->
  <testcase name="test05" time="0.0" classname="ReRunFailDemo"/>
  <testcase name="test04" time="0.0" classname="ReRunFailDemo"/>
  <testcase name="test2" time="0.0" classname="ReRunFailDemo"/>
</testsuite>
